android/app/build/intermediates/manifest_merge_blame_file/debug/manifest-merger-blame-debug-report.txt
1<?xml version="1.0" encoding="utf-8"?>
2<manifest xmlns:android="http://schemas.android.com/apk/res/android"
3    package="com.felixpro"
4    android:versionCode="11"
5    android:versionName="1.0.9" >
6
7    <uses-sdk
8        android:minSdkVersion="16"
8-->src\main\AndroidManifest.xml
9        android:targetSdkVersion="29" />
9-->src\main\AndroidManifest.xml
10
11    <uses-permission android:name="android.permission.INTERNET" />
11-->src\main\AndroidManifest.xml:4:5-67
11-->src\main\AndroidManifest.xml:4:22-64
12    <uses-permission android:name="android.permission.SYSTEM_ALERT_WINDOW" />
12-->src\main\AndroidManifest.xml:5:5-77
12-->src\main\AndroidManifest.xml:5:22-75
13    <uses-permission android:name="android.permission.ACCESS_WIFI_STATE" />
13-->[com.facebook.flipper:flipper:0.54.0] AndroidManifest.xml:16:5-76
13-->[com.facebook.flipper:flipper:0.54.0] AndroidManifest.xml:16:22-73
14    <uses-permission android:name="android.permission.ACCESS_COARSE_LOCATION" /> <!-- Include required permissions for Google Maps API to run. -->
14-->[:react-native-maps] AndroidManifest.xml:10:5-81
14-->[:react-native-maps] AndroidManifest.xml:10:22-78
15    <uses-permission android:name="android.permission.ACCESS_NETWORK_STATE" />
15-->[com.google.android.gms:play-services-maps:17.0.0] AndroidManifest.xml:23:5-79
15-->[com.google.android.gms:play-services-maps:17.0.0] AndroidManifest.xml:23:22-76
16
17    <uses-feature
17-->[com.google.android.gms:play-services-maps:17.0.0] AndroidManifest.xml:26:5-28:35
18        android:glEsVersion="0x00020000"
18-->[com.google.android.gms:play-services-maps:17.0.0] AndroidManifest.xml:27:9-41
19        android:required="true" />
19-->[com.google.android.gms:play-services-maps:17.0.0] AndroidManifest.xml:28:9-32
20
21    <application
21-->src\main\AndroidManifest.xml:7:5-29:19
22        android:name="com.felixpro.MainApplication"
22-->src\main\AndroidManifest.xml:8:7-38
23        android:allowBackup="false"
23-->src\main\AndroidManifest.xml:11:7-34
24        android:appComponentFactory="androidx.core.app.CoreComponentFactory"
24-->[androidx.core:core:1.3.0] AndroidManifest.xml:24:18-86
25        android:debuggable="true"
26        android:icon="@mipmap/ic_launcher"
26-->src\main\AndroidManifest.xml:10:7-41
27        android:label="@string/app_name"
27-->src\main\AndroidManifest.xml:9:7-39
28        android:theme="@style/AppTheme"
28-->src\main\AndroidManifest.xml:13:7-38
29        android:usesCleartextTraffic="true" >
29-->src\main\AndroidManifest.xml:12:7-42
30        <meta-data
30-->src\main\AndroidManifest.xml:14:7-16:64
31            android:name="com.google.android.geo.API_KEY"
31-->src\main\AndroidManifest.xml:15:7-52
32            android:value="AIzaSyDvaS7W8iRIZTGJ6v5yePMWF4B2sCEVWqg" />
32-->src\main\AndroidManifest.xml:16:7-62
33
34        <activity
34-->src\main\AndroidManifest.xml:17:7-27:18
35            android:name="com.felixpro.MainActivity"
35-->src\main\AndroidManifest.xml:18:9-37
36            android:configChanges="keyboard|keyboardHidden|orientation|screenSize|uiMode"
36-->src\main\AndroidManifest.xml:20:9-86
37            android:label="@string/app_name"
37-->src\main\AndroidManifest.xml:19:9-41
38            android:launchMode="singleTask"
38-->src\main\AndroidManifest.xml:21:9-40
39            android:windowSoftInputMode="adjustResize" >
39-->src\main\AndroidManifest.xml:22:9-51
40            <intent-filter>
40-->src\main\AndroidManifest.xml:23:9-26:25
41                <action android:name="android.intent.action.MAIN" />
41-->src\main\AndroidManifest.xml:24:13-65
41-->src\main\AndroidManifest.xml:24:21-62
42
43                <category android:name="android.intent.category.LAUNCHER" />
43-->src\main\AndroidManifest.xml:25:13-73
43-->src\main\AndroidManifest.xml:25:23-70
44            </intent-filter>
45        </activity>
46        <activity android:name="com.facebook.react.devsupport.DevSettingsActivity" />
46-->src\main\AndroidManifest.xml:28:7-84
46-->src\main\AndroidManifest.xml:28:17-81
47
48        <provider
48-->[:react-native-webview] AndroidManifest.xml:12:9-20:20
49            android:name="com.reactnativecommunity.webview.RNCWebViewFileProvider"
49-->[:react-native-webview] AndroidManifest.xml:13:13-83
50            android:authorities="com.felixpro.fileprovider"
50-->[:react-native-webview] AndroidManifest.xml:14:13-64
51            android:exported="false"
51-->[:react-native-webview] AndroidManifest.xml:15:13-37
52            android:grantUriPermissions="true" >
52-->[:react-native-webview] AndroidManifest.xml:16:13-47
53            <meta-data
53-->[:react-native-webview] AndroidManifest.xml:17:13-19:63
54                android:name="android.support.FILE_PROVIDER_PATHS"
54-->[:react-native-webview] AndroidManifest.xml:18:17-67
55                android:resource="@xml/file_provider_paths" />
55-->[:react-native-webview] AndroidManifest.xml:19:17-60
56        </provider> <!-- Needs to be explicitly declared on P+ -->
57        <uses-library
57-->[com.google.android.gms:play-services-maps:17.0.0] AndroidManifest.xml:33:9-35:40
58            android:name="org.apache.http.legacy"
58-->[com.google.android.gms:play-services-maps:17.0.0] AndroidManifest.xml:34:13-50
59            android:required="false" />
59-->[com.google.android.gms:play-services-maps:17.0.0] AndroidManifest.xml:35:13-37
60
61        <activity
61-->[com.google.android.gms:play-services-base:17.0.0] AndroidManifest.xml:23:9-26:75
62            android:name="com.google.android.gms.common.api.GoogleApiActivity"
62-->[com.google.android.gms:play-services-base:17.0.0] AndroidManifest.xml:24:13-79
63            android:exported="false"
63-->[com.google.android.gms:play-services-base:17.0.0] AndroidManifest.xml:25:13-37
64            android:theme="@android:style/Theme.Translucent.NoTitleBar" />
64-->[com.google.android.gms:play-services-base:17.0.0] AndroidManifest.xml:26:13-72
65
66        <meta-data
66-->[com.github.bumptech.glide:okhttp3-integration:4.11.0] AndroidManifest.xml:11:9-13:43
67            android:name="com.bumptech.glide.integration.okhttp3.OkHttpGlideModule"
67-->[com.github.bumptech.glide:okhttp3-integration:4.11.0] AndroidManifest.xml:12:13-84
68            android:value="GlideModule" />
68-->[com.github.bumptech.glide:okhttp3-integration:4.11.0] AndroidManifest.xml:13:13-40
69        <meta-data
69-->[com.google.android.gms:play-services-basement:17.0.0] AndroidManifest.xml:23:9-25:69
70            android:name="com.google.android.gms.version"
70-->[com.google.android.gms:play-services-basement:17.0.0] AndroidManifest.xml:24:13-58
71            android:value="@integer/google_play_services_version" />
71-->[com.google.android.gms:play-services-basement:17.0.0] AndroidManifest.xml:25:13-66
72    </application>
73
74</manifest>